SF:lib/src/features/authentication/data/fake_auth_repository.dart
DA:19,0
DA:22,0
DA:25,0
DA:28,0
DA:31,0
DA:33,0
DA:35,0
DA:38,0
DA:41,0
DA:44,0
DA:52,1
DA:54,0
DA:56,1
DA:57,2
DA:59,0
DA:62,0
DA:63,0
DA:64,0
DA:68,1
DA:70,2
DA:72,1
DA:73,1
DA:77,0
DA:79,0
DA:81,0
DA:84,0
DA:85,0
DA:87,0
DA:88,0
DA:91,1
DA:92,2
DA:93,4
DA:97,0
DA:98,0
DA:100,0
DA:101,0
DA:109,0
DA:110,0
DA:111,0
LF:39
LH:10
end_of_record
SF:lib/src/features/authentication/domain/app_user.dart
DA:3,1
DA:10,0
DA:12,0
DA:15,1
DA:18,1
DA:19,3
DA:20,3
DA:21,3
DA:23,0
DA:24,0
LF:10
LH:6
end_of_record
SF:lib/src/utils/delay.dart
DA:1,1
DA:3,0
DA:5,1
LF:3
LH:2
end_of_record
SF:lib/src/utils/in_memory_store.dart
DA:4,2
DA:8,0
DA:9,3
DA:10,3
DA:12,0
LF:5
LH:3
end_of_record
